vmaksimo@scsel-icx-03:/iusers/vmaksimo/llvm $ python buildbot/compile.py -t check-sycl-e2e
args:Namespace(build_number=None, branch=None, base_branch=None, pr_number=None, builder_dir=None, src_dir=None, obj_dir=None, build_parallelism=None, verbose=False, build_target='check-sycl-e2e')
[Cmake Command]: cmake --build /localdisk2/vmaksimo/llvm/build -- check-sycl-e2e -j 160
[0/2] Re-checking globbed directories...
[20/21] Running SYCL End-to-End tests
lit.py: /localdisk2/vmaksimo/llvm/sycl/test-e2e/lit.cfg.py:627: note: Targeted devices: all
lit.py: /localdisk2/vmaksimo/llvm/sycl/test-e2e/lit.cfg.py:667: note: Running on multiple devices, XFAIL-marked tests will be skipped on corresponding devices
lit.py: /localdisk2/vmaksimo/llvm/sycl/test-e2e/lit.cfg.py:838: note: Found pre-installed AOT device compiler ocloc
lit.py: /localdisk2/vmaksimo/llvm/sycl/test-e2e/lit.cfg.py:838: note: Found pre-installed AOT device compiler opencl-aot
lit.py: /localdisk2/vmaksimo/llvm/sycl/test-e2e/lit.cfg.py:1004: note: Aspects for opencl:cpu: usm_atomic_host_allocations, ext_oneapi_native_assert, ext_oneapi_opportunistic_group, ext_oneapi_srgb, ext_oneapi_ballot_
group, ext_oneapi_fixed_size_group, usm_system_allocations, fp64, ext_intel_gpu_eu_count_per_subslice, ext_oneapi_tangle_group, ext_intel_gpu_hw_threads_per_eu, queue_profiling, ext_oneapi_private_alloca, online_linke
r, usm_host_allocations, ext_intel_gpu_subslices_per_slice, cpu, ext_intel_gpu_slices, ext_intel_legacy_image, fp16, online_compiler, usm_device_allocations, atomic64, ext_intel_device_id, ext_oneapi_virtual_functions
, usm_atomic_shared_allocations, usm_shared_allocations
lit.py: /localdisk2/vmaksimo/llvm/sycl/test-e2e/lit.cfg.py:1016: note: SG sizes for opencl:cpu: 64, 4, 16, 8, 32
lit.py: /localdisk2/vmaksimo/llvm/sycl/test-e2e/lit.cfg.py:1025: note: Architectures for opencl:cpu: x86_64
lit.py: /localdisk2/vmaksimo/llvm/sycl/test-e2e/lit.cfg.py:1004: note: Aspects for opencl:fpga: usm_atomic_host_allocations, ext_intel_fpga_task_sequence, ext_oneapi_opportunistic_group, ext_oneapi_srgb, ext_oneapi_ba
llot_group, ext_oneapi_fixed_size_group, fp64, ext_intel_gpu_eu_count_per_subslice, ext_oneapi_tangle_group, ext_intel_gpu_hw_threads_per_eu, queue_profiling, ext_oneapi_private_alloca, online_linker, usm_host_allocat
ions, ext_intel_gpu_subslices_per_slice, ext_intel_gpu_slices, accelerator, online_compiler, usm_device_allocations, ext_intel_device_id, usm_atomic_shared_allocations, usm_shared_allocations
lit.py: /localdisk2/vmaksimo/llvm/sycl/test-e2e/lit.cfg.py:1016: note: SG sizes for opencl:fpga: 64, 4, 16, 8, 32
FAIL: SYCL :: AddressSanitizer/out-of-bounds/private/multiple_private.cpp (137 of 2392)
******************** TEST 'SYCL :: AddressSanitizer/out-of-bounds/private/multiple_private.cpp' FAILED ********************
Exit Code: 1

Command Output (stdout):
--
# RUN: at line 2
/localdisk2/vmaksimo/llvm/build/bin/clang++  -Werror -fsycl -fsycl-targets=spir64  /localdisk2/vmaksimo/llvm/sycl/test-e2e/AddressSanitizer/out-of-bounds/private/multiple_private.cpp -Wno-error=array-bounds -Xarch_dev
ice -fsanitize=address -DVAR=1 -O2 -g -o /localdisk2/vmaksimo/llvm/build/tools/sycl/test-e2e/AddressSanitizer/out-of-bounds/private/Output/multiple_private.cpp.tmp1
# executed command: /localdisk2/vmaksimo/llvm/build/bin/clang++ -Werror -fsycl -fsycl-targets=spir64 /localdisk2/vmaksimo/llvm/sycl/test-e2e/AddressSanitizer/out-of-bounds/private/multiple_private.cpp -Wno-error=array
-bounds -Xarch_device -fsanitize=address -DVAR=1 -O2 -g -o /localdisk2/vmaksimo/llvm/build/tools/sycl/test-e2e/AddressSanitizer/out-of-bounds/private/Output/multiple_private.cpp.tmp1
# .---command stderr------------
# | /localdisk2/vmaksimo/llvm/sycl/test-e2e/AddressSanitizer/out-of-bounds/private/multiple_private.cpp:59:24: warning: array index -4 is before the beginning of the array [-Warray-bounds]
# |    59 |       array[0] = foo1(&p1[-4]);
# |       |                        ^  ~~
# | /localdisk2/vmaksimo/llvm/sycl/test-e2e/AddressSanitizer/out-of-bounds/private/multiple_private.cpp:45:7: note: array 'p1' declared here
# |    45 |       short p1[] = {1};
# |       |       ^
# | 1 warning generated.
# | /localdisk2/vmaksimo/llvm/sycl/test-e2e/AddressSanitizer/out-of-bounds/private/multiple_private.cpp:59:24: warning: array index -4 is before the beginning of the array [-Warray-bounds]
# |    59 |       array[0] = foo1(&p1[-4]);
# |       |                        ^  ~~
# | /localdisk2/vmaksimo/llvm/sycl/test-e2e/AddressSanitizer/out-of-bounds/private/multiple_private.cpp:45:7: note: array 'p1' declared here
# |    45 |       short p1[] = {1};
# |       |       ^
# | 1 warning generated.
# `-----------------------------
# RUN: at line 3
env ONEAPI_DEVICE_SELECTOR=opencl:cpu  not /localdisk2/vmaksimo/llvm/build/tools/sycl/test-e2e/AddressSanitizer/out-of-bounds/private/Output/multiple_private.cpp.tmp1 2>&1 | /localdisk2/vmaksimo/llvm/build/bin/FileChe
ck --check-prefixes CHECK,CHECK-VAR1 /localdisk2/vmaksimo/llvm/sycl/test-e2e/AddressSanitizer/out-of-bounds/private/multiple_private.cpp
# executed command: env ONEAPI_DEVICE_SELECTOR=opencl:cpu not /localdisk2/vmaksimo/llvm/build/tools/sycl/test-e2e/AddressSanitizer/out-of-bounds/private/Output/multiple_private.cpp.tmp1
# note: command had no output on stdout or stderr
# error: command failed with exit status: 1
# executed command: /localdisk2/vmaksimo/llvm/build/bin/FileCheck --check-prefixes CHECK,CHECK-VAR1 /localdisk2/vmaksimo/llvm/sycl/test-e2e/AddressSanitizer/out-of-bounds/private/multiple_private.cpp
# .---command stderr------------
# | /localdisk2/vmaksimo/llvm/sycl/test-e2e/AddressSanitizer/out-of-bounds/private/multiple_private.cpp:18:11: error: CHECK: expected string not found in input
# | // CHECK: ERROR: DeviceSanitizer: out-of-bounds-access on Private Memory
# |           ^
# | <stdin>:1:1: note: scanning from here
# | ==== DeviceSanitizer: ASAN
# | ^
# |
# | Input file: <stdin>
# | Check file: /localdisk2/vmaksimo/llvm/sycl/test-e2e/AddressSanitizer/out-of-bounds/private/multiple_private.cpp
# |
# | -dump-input=help explains the following input dump.
# |
# | Input was:
# | <<<<<<
# |           1: ==== DeviceSanitizer: ASAN
# | check:18     X~~~~~~~~~~~~~~~~~~~~~~~~~~ error: no match found
# | >>>>>>
# `-----------------------------
# error: command failed with exit status: 1

--

********************
FAIL: SYCL :: AddressSanitizer/out-of-bounds/private/single_private.cpp (229 of 2392)
******************** TEST 'SYCL :: AddressSanitizer/out-of-bounds/private/single_private.cpp' FAILED ********************
Exit Code: 1

Command Output (stdout):
--
# RUN: at line 2
/localdisk2/vmaksimo/llvm/build/bin/clang++  -Werror -fsycl -fsycl-targets=spir64  /localdisk2/vmaksimo/llvm/sycl/test-e2e/AddressSanitizer/out-of-bounds/private/single_private.cpp -Xarch_device -fsanitize=address -O0
 -g -o /localdisk2/vmaksimo/llvm/build/tools/sycl/test-e2e/AddressSanitizer/out-of-bounds/private/Output/single_private.cpp.tmp1.out
# executed command: /localdisk2/vmaksimo/llvm/build/bin/clang++ -Werror -fsycl -fsycl-targets=spir64 /localdisk2/vmaksimo/llvm/sycl/test-e2e/AddressSanitizer/out-of-bounds/private/single_private.cpp -Xarch_device -fsa
nitize=address -O0 -g -o /localdisk2/vmaksimo/llvm/build/tools/sycl/test-e2e/AddressSanitizer/out-of-bounds/private/Output/single_private.cpp.tmp1.out
# note: command had no output on stdout or stderr
# RUN: at line 3
env ONEAPI_DEVICE_SELECTOR=opencl:cpu  not /localdisk2/vmaksimo/llvm/build/tools/sycl/test-e2e/AddressSanitizer/out-of-bounds/private/Output/single_private.cpp.tmp1.out 2>&1 | /localdisk2/vmaksimo/llvm/build/bin/FileC
heck /localdisk2/vmaksimo/llvm/sycl/test-e2e/AddressSanitizer/out-of-bounds/private/single_private.cpp
# executed command: env ONEAPI_DEVICE_SELECTOR=opencl:cpu not /localdisk2/vmaksimo/llvm/build/tools/sycl/test-e2e/AddressSanitizer/out-of-bounds/private/Output/single_private.cpp.tmp1.out
# note: command had no output on stdout or stderr
# executed command: /localdisk2/vmaksimo/llvm/build/bin/FileCheck /localdisk2/vmaksimo/llvm/sycl/test-e2e/AddressSanitizer/out-of-bounds/private/single_private.cpp
# note: command had no output on stdout or stderr
# RUN: at line 4
/localdisk2/vmaksimo/llvm/build/bin/clang++  -Werror -fsycl -fsycl-targets=spir64  /localdisk2/vmaksimo/llvm/sycl/test-e2e/AddressSanitizer/out-of-bounds/private/single_private.cpp -Xarch_device -fsanitize=address -O1
 -g -o /localdisk2/vmaksimo/llvm/build/tools/sycl/test-e2e/AddressSanitizer/out-of-bounds/private/Output/single_private.cpp.tmp2.out
# executed command: /localdisk2/vmaksimo/llvm/build/bin/clang++ -Werror -fsycl -fsycl-targets=spir64 /localdisk2/vmaksimo/llvm/sycl/test-e2e/AddressSanitizer/out-of-bounds/private/single_private.cpp -Xarch_device -fsa
nitize=address -O1 -g -o /localdisk2/vmaksimo/llvm/build/tools/sycl/test-e2e/AddressSanitizer/out-of-bounds/private/Output/single_private.cpp.tmp2.out
# note: command had no output on stdout or stderr
# RUN: at line 5
env ONEAPI_DEVICE_SELECTOR=opencl:cpu  not /localdisk2/vmaksimo/llvm/build/tools/sycl/test-e2e/AddressSanitizer/out-of-bounds/private/Output/single_private.cpp.tmp2.out 2>&1 | /localdisk2/vmaksimo/llvm/build/bin/FileC
heck /localdisk2/vmaksimo/llvm/sycl/test-e2e/AddressSanitizer/out-of-bounds/private/single_private.cpp
# executed command: env ONEAPI_DEVICE_SELECTOR=opencl:cpu not /localdisk2/vmaksimo/llvm/build/tools/sycl/test-e2e/AddressSanitizer/out-of-bounds/private/Output/single_private.cpp.tmp2.out
# note: command had no output on stdout or stderr
# error: command failed with exit status: 1
# executed command: /localdisk2/vmaksimo/llvm/build/bin/FileCheck /localdisk2/vmaksimo/llvm/sycl/test-e2e/AddressSanitizer/out-of-bounds/private/single_private.cpp
# .---command stderr------------
# | /localdisk2/vmaksimo/llvm/sycl/test-e2e/AddressSanitizer/out-of-bounds/private/single_private.cpp:13:11: error: CHECK: expected string not found in input
# | // CHECK: ERROR: DeviceSanitizer: out-of-bounds-access on Private Memory
# |           ^
# | <stdin>:1:1: note: scanning from here
# | ==== DeviceSanitizer: ASAN
# | ^
# |
# | Input file: <stdin>
# | Check file: /localdisk2/vmaksimo/llvm/sycl/test-e2e/AddressSanitizer/out-of-bounds/private/single_private.cpp
# |
# | -dump-input=help explains the following input dump.
# |
# | Input was:
# | <<<<<<
# |           1: ==== DeviceSanitizer: ASAN
# | check:13     X~~~~~~~~~~~~~~~~~~~~~~~~~~ error: no match found
# | >>>>>>
# `-----------------------------
# error: command failed with exit status: 1

--

********************
FAIL: SYCL :: Basic/submit_time.cpp (397 of 2392)
******************** TEST 'SYCL :: Basic/submit_time.cpp' FAILED ********************
Exit Code: -6

Command Output (stdout):
--
# RUN: at line 1
/localdisk2/vmaksimo/llvm/build/bin/clang++  -Werror -fsycl -fsycl-targets=spir64  /localdisk2/vmaksimo/llvm/sycl/test-e2e/Basic/submit_time.cpp -o /localdisk2/vmaksimo/llvm/build/tools/sycl/test-e2e/Basic/Output/subm
it_time.cpp.tmp.out
# executed command: /localdisk2/vmaksimo/llvm/build/bin/clang++ -Werror -fsycl -fsycl-targets=spir64 /localdisk2/vmaksimo/llvm/sycl/test-e2e/Basic/submit_time.cpp -o /localdisk2/vmaksimo/llvm/build/tools/sycl/test-e2e
/Basic/Output/submit_time.cpp.tmp.out
# note: command had no output on stdout or stderr
# RUN: at line 4
env ONEAPI_DEVICE_SELECTOR=opencl:cpu  /localdisk2/vmaksimo/llvm/build/tools/sycl/test-e2e/Basic/Output/submit_time.cpp.tmp.out
# executed command: env ONEAPI_DEVICE_SELECTOR=opencl:cpu /localdisk2/vmaksimo/llvm/build/tools/sycl/test-e2e/Basic/Output/submit_time.cpp.tmp.out
# .---command stdout------------
# | Kernel Event - Submit: 24413571881122703, Start: 24413572309039091, End: 24413572309053414
# | Kernel Event - Submit: 24413572310502323, Start: 24413572310585978, End: 24413572310596265
# | Kernel Event - Submit: 24413572312065101, Start: 24413572312141180, End: 24413572312149965
# | Kernel Event - Submit: 24413572312227543, Start: 24413572312263981, End: 24413572312271832
# | Kernel Event - Submit: 24413572312341742, Start: 24413572312389193, End: 24413572312406864
# | Memcpy Event - Submit: 24413572312480664, Start: 24413572312564740, End: 24413572312570245
# | Memcpy Event - Submit: 24413572312608083, Start: 24413572312658893, End: 24413572312662156
# | Memcpy Event - Submit: 24413572312686344, Start: 24413572312706826, End: 24413572312709902
# | Memcpy Event - Submit: 24413572312732124, Start: 24413572312776532, End: 24413572312779311
# | Memcpy Event - Submit: 24413572312803925, Start: 24413572312851004, End: 24413572312851674
# `-----------------------------
# RUN: at line 4
env ONEAPI_DEVICE_SELECTOR=opencl:fpga  /localdisk2/vmaksimo/llvm/build/tools/sycl/test-e2e/Basic/Output/submit_time.cpp.tmp.out
# executed command: env ONEAPI_DEVICE_SELECTOR=opencl:fpga /localdisk2/vmaksimo/llvm/build/tools/sycl/test-e2e/Basic/Output/submit_time.cpp.tmp.out
# .---command stderr------------
# | terminate called after throwing an instance of 'sycl::_V1::exception'
# |   what():  Unable to get command group submission time: Native API failed. Native API returns: 44 (UR_RESULT_ERROR_UNSUPPORTED_FEATURE)
# `-----------------------------
# error: command failed with exit status: -6

--

********************
FAIL: SYCL :: OptionalKernelFeatures/is_compatible/is_compatible_several_targets.cpp (1822 of 2392)
******************** TEST 'SYCL :: OptionalKernelFeatures/is_compatible/is_compatible_several_targets.cpp' FAILED ********************
Exit Code: 1

Command Output (stdout):
--
# RUN: at line 3
/localdisk2/vmaksimo/llvm/build/bin/clang++  -Werror -fsycl -fsycl-targets=spir64_x86_64,spir64_gen -Xsycl-target-backend=spir64_gen "-device *" /localdisk2/vmaksimo/llvm/sycl/test-e2e/OptionalKernelFeatures/is_compat
ible/Inputs/is_compatible_with_env.cpp -o /localdisk2/vmaksimo/llvm/build/tools/sycl/test-e2e/OptionalKernelFeatures/is_compatible/Output/is_compatible_several_targets.cpp.tmp.out
# executed command: /localdisk2/vmaksimo/llvm/build/bin/clang++ -Werror -fsycl -fsycl-targets=spir64_x86_64,spir64_gen -Xsycl-target-backend=spir64_gen '-device *' /localdisk2/vmaksimo/llvm/sycl/test-e2e/OptionalKerne
lFeatures/is_compatible/Inputs/is_compatible_with_env.cpp -o /localdisk2/vmaksimo/llvm/build/tools/sycl/test-e2e/OptionalKernelFeatures/is_compatible/Output/is_compatible_several_targets.cpp.tmp.out
# .---command stdout------------
# | Compilation from IR - skipping loading of FCL
# | Build succeeded for : tgl.
# | Compilation from IR - skipping loading of FCL
# | Build succeeded for : rkl.
# | Compilation from IR - skipping loading of FCL
# | Build succeeded for : adl-s.
# | Compilation from IR - skipping loading of FCL
# | Build succeeded for : adl-p.
# | Compilation from IR - skipping loading of FCL
# | Build succeeded for : adl-n.
# | Compilation from IR - skipping loading of FCL
# | Build succeeded for : dg1.
# | Compilation from IR - skipping loading of FCL
# | Build succeeded for : dg2-g10-a0.
# | Compilation from IR - skipping loading of FCL
# | Build succeeded for : dg2-g10-a1.
# | Compilation from IR - skipping loading of FCL
# | Build succeeded for : dg2-g10-b0.
# | Compilation from IR - skipping loading of FCL
# | Build succeeded for : acm-g10.
# | Compilation from IR - skipping loading of FCL
# | Build succeeded for : dg2-g11-a0.
# | Compilation from IR - skipping loading of FCL
# | Build succeeded for : dg2-g11-b0.
# | Compilation from IR - skipping loading of FCL
# | Build succeeded for : acm-g11.
# | Compilation from IR - skipping loading of FCL
# | Build succeeded for : acm-g12.
# | Compilation from IR - skipping loading of FCL
# | Build succeeded for : pvc-xl-a0.
# | Compilation from IR - skipping loading of FCL
# | Build succeeded for : pvc-sdv.
# | Compilation from IR - skipping loading of FCL
# | Build succeeded for : pvc-xt-a0.
# | Compilation from IR - skipping loading of FCL
# | Build succeeded for : pvc-xt-b0.
# | Compilation from IR - skipping loading of FCL
# | Build succeeded for : pvc-xt-b1.
# | Compilation from IR - skipping loading of FCL
# | Build succeeded for : pvc.
# | Compilation from IR - skipping loading of FCL
# | Build succeeded for : pvc-vg.
# | Compilation from IR - skipping loading of FCL
# | Build succeeded for : mtl-u-a0.
# | Compilation from IR - skipping loading of FCL
# | Build succeeded for : arl-s.
# | Compilation from IR - skipping loading of FCL
# | Build succeeded for : mtl-h-a0.
# | Compilation from IR - skipping loading of FCL
# | Build succeeded for : mtl-h.
# | Compilation from IR - skipping loading of FCL
# | Build succeeded for : arl-h-a0.
# | Compilation from IR - skipping loading of FCL
# | Build succeeded for : arl-h.
# | Compilation from IR - skipping loading of FCL
# | Build succeeded for : bmg.
# | Compilation from IR - skipping loading of FCL
# | Build succeeded for : lnl-a0.
# | Compilation from IR - skipping loading of FCL
# | Build succeeded for : lnl-a1.
# | Compilation from IR - skipping loading of FCL
# | Build succeeded for : lnl-m.
# `-----------------------------
# RUN: at line 5
env ONEAPI_DEVICE_SELECTOR=opencl:cpu  /localdisk2/vmaksimo/llvm/build/tools/sycl/test-e2e/OptionalKernelFeatures/is_compatible/Output/is_compatible_several_targets.cpp.tmp.out
# executed command: env ONEAPI_DEVICE_SELECTOR=opencl:cpu /localdisk2/vmaksimo/llvm/build/tools/sycl/test-e2e/OptionalKernelFeatures/is_compatible/Output/is_compatible_several_targets.cpp.tmp.out
# note: command had no output on stdout or stderr
# RUN: at line 5
env ONEAPI_DEVICE_SELECTOR=opencl:fpga  /localdisk2/vmaksimo/llvm/build/tools/sycl/test-e2e/OptionalKernelFeatures/is_compatible/Output/is_compatible_several_targets.cpp.tmp.out
# executed command: env ONEAPI_DEVICE_SELECTOR=opencl:fpga /localdisk2/vmaksimo/llvm/build/tools/sycl/test-e2e/OptionalKernelFeatures/is_compatible/Output/is_compatible_several_targets.cpp.tmp.out
# note: command had no output on stdout or stderr
# error: command failed with exit status: 1

--

********************
TIMEOUT: SYCL :: BFloat16/bfloat16_vec_builtins.cpp (1835 of 2392)
******************** TEST 'SYCL :: BFloat16/bfloat16_vec_builtins.cpp' FAILED ********************
Exit Code: -9
Timeout: Reached timeout of 1200 seconds

Command Output (stdout):
--
# RUN: at line 2
/localdisk2/vmaksimo/llvm/build/bin/clang++  -Werror -fsycl -fsycl-targets=spir64  /localdisk2/vmaksimo/llvm/sycl/test-e2e/BFloat16/bfloat16_vec_builtins.cpp -fno-fast-math -o /localdisk2/vmaksimo/llvm/build/tools/syc
l/test-e2e/BFloat16/Output/bfloat16_vec_builtins.cpp.tmp.out
# executed command: /localdisk2/vmaksimo/llvm/build/bin/clang++ -Werror -fsycl -fsycl-targets=spir64 /localdisk2/vmaksimo/llvm/sycl/test-e2e/BFloat16/bfloat16_vec_builtins.cpp -fno-fast-math -o /localdisk2/vmaksimo/ll
vm/build/tools/sycl/test-e2e/BFloat16/Output/bfloat16_vec_builtins.cpp.tmp.out
# note: command had no output on stdout or stderr
# RUN: at line 3
env ONEAPI_DEVICE_SELECTOR=opencl:cpu  /localdisk2/vmaksimo/llvm/build/tools/sycl/test-e2e/BFloat16/Output/bfloat16_vec_builtins.cpp.tmp.out
# executed command: env ONEAPI_DEVICE_SELECTOR=opencl:cpu /localdisk2/vmaksimo/llvm/build/tools/sycl/test-e2e/BFloat16/Output/bfloat16_vec_builtins.cpp.tmp.out
# note: command had no output on stdout or stderr
# RUN: at line 3
env ONEAPI_DEVICE_SELECTOR=opencl:fpga  /localdisk2/vmaksimo/llvm/build/tools/sycl/test-e2e/BFloat16/Output/bfloat16_vec_builtins.cpp.tmp.out
# executed command: env ONEAPI_DEVICE_SELECTOR=opencl:fpga /localdisk2/vmaksimo/llvm/build/tools/sycl/test-e2e/BFloat16/Output/bfloat16_vec_builtins.cpp.tmp.out
# note: command had no output on stdout or stderr
# RUN: at line 6
/localdisk2/vmaksimo/llvm/build/bin/clang++  -Werror -fsycl -fsycl-targets=spir64  /localdisk2/vmaksimo/llvm/sycl/test-e2e/BFloat16/bfloat16_vec_builtins.cpp -fpreview-breaking-changes -o /localdisk2/vmaksimo/llvm/bui
ld/tools/sycl/test-e2e/BFloat16/Output/bfloat16_vec_builtins.cpp.tmp-pfrev.out
# executed command: /localdisk2/vmaksimo/llvm/build/bin/clang++ -Werror -fsycl -fsycl-targets=spir64 /localdisk2/vmaksimo/llvm/sycl/test-e2e/BFloat16/bfloat16_vec_builtins.cpp -fpreview-breaking-changes -o /localdisk2
/vmaksimo/llvm/build/tools/sycl/test-e2e/BFloat16/Output/bfloat16_vec_builtins.cpp.tmp-pfrev.out
# note: command had no output on stdout or stderr
# RUN: at line 7
env ONEAPI_DEVICE_SELECTOR=opencl:cpu  /localdisk2/vmaksimo/llvm/build/tools/sycl/test-e2e/BFloat16/Output/bfloat16_vec_builtins.cpp.tmp-pfrev.out
# executed command: env ONEAPI_DEVICE_SELECTOR=opencl:cpu /localdisk2/vmaksimo/llvm/build/tools/sycl/test-e2e/BFloat16/Output/bfloat16_vec_builtins.cpp.tmp-pfrev.out
# note: command had no output on stdout or stderr
# RUN: at line 7
env ONEAPI_DEVICE_SELECTOR=opencl:fpga  /localdisk2/vmaksimo/llvm/build/tools/sycl/test-e2e/BFloat16/Output/bfloat16_vec_builtins.cpp.tmp-pfrev.out
# executed command: env ONEAPI_DEVICE_SELECTOR=opencl:fpga /localdisk2/vmaksimo/llvm/build/tools/sycl/test-e2e/BFloat16/Output/bfloat16_vec_builtins.cpp.tmp-pfrev.out
# note: command had no output on stdout or stderr
# error: command failed with exit status: -9
# error: command reached timeout: True

--

********************
TIMEOUT: SYCL :: BFloat16/bfloat16_builtins.cpp (1836 of 2392)
******************** TEST 'SYCL :: BFloat16/bfloat16_builtins.cpp' FAILED ********************
Exit Code: -9
Timeout: Reached timeout of 1200 seconds

Command Output (stdout):
--
# RUN: at line 8
/localdisk2/vmaksimo/llvm/build/bin/clang++  -Werror -fsycl -fsycl-targets=spir64  /localdisk2/vmaksimo/llvm/sycl/test-e2e/BFloat16/bfloat16_builtins.cpp -o /localdisk2/vmaksimo/llvm/build/tools/sycl/test-e2e/BFloat16
/Output/bfloat16_builtins.cpp.tmp.out -fno-fast-math
# executed command: /localdisk2/vmaksimo/llvm/build/bin/clang++ -Werror -fsycl -fsycl-targets=spir64 /localdisk2/vmaksimo/llvm/sycl/test-e2e/BFloat16/bfloat16_builtins.cpp -o /localdisk2/vmaksimo/llvm/build/tools/sycl
/test-e2e/BFloat16/Output/bfloat16_builtins.cpp.tmp.out -fno-fast-math
# note: command had no output on stdout or stderr
# RUN: at line 9
env ONEAPI_DEVICE_SELECTOR=opencl:cpu  /localdisk2/vmaksimo/llvm/build/tools/sycl/test-e2e/BFloat16/Output/bfloat16_builtins.cpp.tmp.out
# executed command: env ONEAPI_DEVICE_SELECTOR=opencl:cpu /localdisk2/vmaksimo/llvm/build/tools/sycl/test-e2e/BFloat16/Output/bfloat16_builtins.cpp.tmp.out
# note: command had no output on stdout or stderr
# RUN: at line 9
env ONEAPI_DEVICE_SELECTOR=opencl:fpga  /localdisk2/vmaksimo/llvm/build/tools/sycl/test-e2e/BFloat16/Output/bfloat16_builtins.cpp.tmp.out
# executed command: env ONEAPI_DEVICE_SELECTOR=opencl:fpga /localdisk2/vmaksimo/llvm/build/tools/sycl/test-e2e/BFloat16/Output/bfloat16_builtins.cpp.tmp.out
# note: command had no output on stdout or stderr
# RUN: at line 12
/localdisk2/vmaksimo/llvm/build/bin/clang++  -Werror -fsycl -fpreview-breaking-changes -fsycl-targets=spir64  /localdisk2/vmaksimo/llvm/sycl/test-e2e/BFloat16/bfloat16_builtins.cpp -o /localdisk2/vmaksimo/llvm/build/t
ools/sycl/test-e2e/BFloat16/Output/bfloat16_builtins.cpp.tmp2.out -fno-fast-math
# executed command: /localdisk2/vmaksimo/llvm/build/bin/clang++ -Werror -fsycl -fpreview-breaking-changes -fsycl-targets=spir64 /localdisk2/vmaksimo/llvm/sycl/test-e2e/BFloat16/bfloat16_builtins.cpp -o /localdisk2/vma
ksimo/llvm/build/tools/sycl/test-e2e/BFloat16/Output/bfloat16_builtins.cpp.tmp2.out -fno-fast-math
# note: command had no output on stdout or stderr
# error: command failed with exit status: -9
# error: command reached timeout: True

--

********************
FAIL: SYCL :: MemorySanitizer/check_divide.cpp (1847 of 2392)
******************** TEST 'SYCL :: MemorySanitizer/check_divide.cpp' FAILED ********************
Exit Code: 1

Command Output (stdout):
--
# RUN: at line 2
/localdisk2/vmaksimo/llvm/build/bin/clang++  -Werror -fsycl -fsycl-targets=spir64  /localdisk2/vmaksimo/llvm/sycl/test-e2e/MemorySanitizer/check_divide.cpp -Xarch_device -fsanitize=memory -O0 -g -o /localdisk2/vmaksim
o/llvm/build/tools/sycl/test-e2e/MemorySanitizer/Output/check_divide.cpp.tmp2.out
# executed command: /localdisk2/vmaksimo/llvm/build/bin/clang++ -Werror -fsycl -fsycl-targets=spir64 /localdisk2/vmaksimo/llvm/sycl/test-e2e/MemorySanitizer/check_divide.cpp -Xarch_device -fsanitize=memory -O0 -g -o /
localdisk2/vmaksimo/llvm/build/tools/sycl/test-e2e/MemorySanitizer/Output/check_divide.cpp.tmp2.out
# note: command had no output on stdout or stderr
# RUN: at line 3
env ONEAPI_DEVICE_SELECTOR=opencl:cpu  not /localdisk2/vmaksimo/llvm/build/tools/sycl/test-e2e/MemorySanitizer/Output/check_divide.cpp.tmp2.out 2>&1 | /localdisk2/vmaksimo/llvm/build/bin/FileCheck /localdisk2/vmaksimo
/llvm/sycl/test-e2e/MemorySanitizer/check_divide.cpp
# executed command: env ONEAPI_DEVICE_SELECTOR=opencl:cpu not /localdisk2/vmaksimo/llvm/build/tools/sycl/test-e2e/MemorySanitizer/Output/check_divide.cpp.tmp2.out
# note: command had no output on stdout or stderr
# executed command: /localdisk2/vmaksimo/llvm/build/bin/FileCheck /localdisk2/vmaksimo/llvm/sycl/test-e2e/MemorySanitizer/check_divide.cpp
# note: command had no output on stdout or stderr
# RUN: at line 4
/localdisk2/vmaksimo/llvm/build/bin/clang++  -Werror -fsycl -fsycl-targets=spir64  /localdisk2/vmaksimo/llvm/sycl/test-e2e/MemorySanitizer/check_divide.cpp -Xarch_device -fsanitize=memory -O1 -g -o /localdisk2/vmaksim
o/llvm/build/tools/sycl/test-e2e/MemorySanitizer/Output/check_divide.cpp.tmp2.out
# executed command: /localdisk2/vmaksimo/llvm/build/bin/clang++ -Werror -fsycl -fsycl-targets=spir64 /localdisk2/vmaksimo/llvm/sycl/test-e2e/MemorySanitizer/check_divide.cpp -Xarch_device -fsanitize=memory -O1 -g -o /
localdisk2/vmaksimo/llvm/build/tools/sycl/test-e2e/MemorySanitizer/Output/check_divide.cpp.tmp2.out
# note: command had no output on stdout or stderr
# RUN: at line 5
env ONEAPI_DEVICE_SELECTOR=opencl:cpu  not /localdisk2/vmaksimo/llvm/build/tools/sycl/test-e2e/MemorySanitizer/Output/check_divide.cpp.tmp2.out 2>&1 | /localdisk2/vmaksimo/llvm/build/bin/FileCheck /localdisk2/vmaksimo
/llvm/sycl/test-e2e/MemorySanitizer/check_divide.cpp
# executed command: env ONEAPI_DEVICE_SELECTOR=opencl:cpu not /localdisk2/vmaksimo/llvm/build/tools/sycl/test-e2e/MemorySanitizer/Output/check_divide.cpp.tmp2.out
# note: command had no output on stdout or stderr
# executed command: /localdisk2/vmaksimo/llvm/build/bin/FileCheck /localdisk2/vmaksimo/llvm/sycl/test-e2e/MemorySanitizer/check_divide.cpp
# .---command stderr------------
# | /localdisk2/vmaksimo/llvm/sycl/test-e2e/MemorySanitizer/check_divide.cpp:30:12: error: CHECK: expected string not found in input
# |  // CHECK: use-of-uninitialized-value
# |            ^
# | <stdin>:1:1: note: scanning from here
# | ==== DeviceSanitizer: MSAN
# | ^
# | <stdin>:1:6: note: possible intended match here
# | ==== DeviceSanitizer: MSAN
# |      ^
# |
# | Input file: <stdin>
# | Check file: /localdisk2/vmaksimo/llvm/sycl/test-e2e/MemorySanitizer/check_divide.cpp
# |
# | -dump-input=help explains the following input dump.
# |
# | Input was:
# | <<<<<<
# |             1: ==== DeviceSanitizer: MSAN
# | check:30'0     X~~~~~~~~~~~~~~~~~~~~~~~~~~ error: no match found
# | check:30'1          ?                      possible intended match
# | >>>>>>
# `-----------------------------
# error: command failed with exit status: 1

--

********************
TIMEOUT: SYCL :: Basic/multisource_spv_obj.cpp (2008 of 2392)
******************** TEST 'SYCL :: Basic/multisource_spv_obj.cpp' FAILED ********************
Exit Code: -9
Timeout: Reached timeout of 1200 seconds

Command Output (stdout):
--
# RUN: at line 12
/localdisk2/vmaksimo/llvm/build/bin/clang++  -Werror -fsycl -fsycl-targets=spir64  /localdisk2/vmaksimo/llvm/sycl/test-e2e/Basic/multisource_spv_obj.cpp -fsycl-device-obj=spirv -c -o /localdisk2/vmaksimo/llvm/build/to
ols/sycl/test-e2e/Basic/Output/multisource_spv_obj.cpp.tmp.kernel.o -DINIT_KERNEL -DCALC_KERNEL
# executed command: /localdisk2/vmaksimo/llvm/build/bin/clang++ -Werror -fsycl -fsycl-targets=spir64 /localdisk2/vmaksimo/llvm/sycl/test-e2e/Basic/multisource_spv_obj.cpp -fsycl-device-obj=spirv -c -o /localdisk2/vmak
simo/llvm/build/tools/sycl/test-e2e/Basic/Output/multisource_spv_obj.cpp.tmp.kernel.o -DINIT_KERNEL -DCALC_KERNEL
# note: command had no output on stdout or stderr
# RUN: at line 13
/localdisk2/vmaksimo/llvm/build/bin/clang++  -Werror -fsycl -fsycl-targets=spir64  /localdisk2/vmaksimo/llvm/sycl/test-e2e/Basic/multisource_spv_obj.cpp -fsycl-device-obj=spirv -c -o /localdisk2/vmaksimo/llvm/build/to
ols/sycl/test-e2e/Basic/Output/multisource_spv_obj.cpp.tmp.main.o -DMAIN_APP
# executed command: /localdisk2/vmaksimo/llvm/build/bin/clang++ -Werror -fsycl -fsycl-targets=spir64 /localdisk2/vmaksimo/llvm/sycl/test-e2e/Basic/multisource_spv_obj.cpp -fsycl-device-obj=spirv -c -o /localdisk2/vmak
simo/llvm/build/tools/sycl/test-e2e/Basic/Output/multisource_spv_obj.cpp.tmp.main.o -DMAIN_APP
# note: command had no output on stdout or stderr
# RUN: at line 14
/localdisk2/vmaksimo/llvm/build/bin/clang++  -Werror -fsycl -fsycl-targets=spir64 /localdisk2/vmaksimo/llvm/build/tools/sycl/test-e2e/Basic/Output/multisource_spv_obj.cpp.tmp.kernel.o /localdisk2/vmaksimo/llvm/build/t
ools/sycl/test-e2e/Basic/Output/multisource_spv_obj.cpp.tmp.main.o -Wno-unused-command-line-argument -o /localdisk2/vmaksimo/llvm/build/tools/sycl/test-e2e/Basic/Output/multisource_spv_obj.cpp.tmp1.fat
# executed command: /localdisk2/vmaksimo/llvm/build/bin/clang++ -Werror -fsycl -fsycl-targets=spir64 /localdisk2/vmaksimo/llvm/build/tools/sycl/test-e2e/Basic/Output/multisource_spv_obj.cpp.tmp.kernel.o /localdisk2/vm
aksimo/llvm/build/tools/sycl/test-e2e/Basic/Output/multisource_spv_obj.cpp.tmp.main.o -Wno-unused-command-line-argument -o /localdisk2/vmaksimo/llvm/build/tools/sycl/test-e2e/Basic/Output/multisource_spv_obj.cpp.tmp1.
fat
# note: command had no output on stdout or stderr
# RUN: at line 15
env ONEAPI_DEVICE_SELECTOR=opencl:cpu  /localdisk2/vmaksimo/llvm/build/tools/sycl/test-e2e/Basic/Output/multisource_spv_obj.cpp.tmp1.fat
# executed command: env ONEAPI_DEVICE_SELECTOR=opencl:cpu /localdisk2/vmaksimo/llvm/build/tools/sycl/test-e2e/Basic/Output/multisource_spv_obj.cpp.tmp1.fat
# .---command stdout------------
# | Done!
# `-----------------------------
# RUN: at line 15
env ONEAPI_DEVICE_SELECTOR=opencl:fpga  /localdisk2/vmaksimo/llvm/build/tools/sycl/test-e2e/Basic/Output/multisource_spv_obj.cpp.tmp1.fat
# executed command: env ONEAPI_DEVICE_SELECTOR=opencl:fpga /localdisk2/vmaksimo/llvm/build/tools/sycl/test-e2e/Basic/Output/multisource_spv_obj.cpp.tmp1.fat
# .---command stdout------------
# | Done!
# `-----------------------------
# RUN: at line 18
/localdisk2/vmaksimo/llvm/build/bin/clang++  -Werror -fsycl -fsycl-targets=spir64  /localdisk2/vmaksimo/llvm/sycl/test-e2e/Basic/multisource_spv_obj.cpp -fsycl-device-obj=spirv -c -o /localdisk2/vmaksimo/llvm/build/to
ols/sycl/test-e2e/Basic/Output/multisource_spv_obj.cpp.tmp.init.o -DINIT_KERNEL
# executed command: /localdisk2/vmaksimo/llvm/build/bin/clang++ -Werror -fsycl -fsycl-targets=spir64 /localdisk2/vmaksimo/llvm/sycl/test-e2e/Basic/multisource_spv_obj.cpp -fsycl-device-obj=spirv -c -o /localdisk2/vmak
simo/llvm/build/tools/sycl/test-e2e/Basic/Output/multisource_spv_obj.cpp.tmp.init.o -DINIT_KERNEL
# note: command had no output on stdout or stderr
# RUN: at line 19
/localdisk2/vmaksimo/llvm/build/bin/clang++  -Werror -fsycl -fsycl-targets=spir64  /localdisk2/vmaksimo/llvm/sycl/test-e2e/Basic/multisource_spv_obj.cpp -fsycl-device-obj=spirv -c -o /localdisk2/vmaksimo/llvm/build/to
ols/sycl/test-e2e/Basic/Output/multisource_spv_obj.cpp.tmp.calc.o -DCALC_KERNEL
# executed command: /localdisk2/vmaksimo/llvm/build/bin/clang++ -Werror -fsycl -fsycl-targets=spir64 /localdisk2/vmaksimo/llvm/sycl/test-e2e/Basic/multisource_spv_obj.cpp -fsycl-device-obj=spirv -c -o /localdisk2/vmak
simo/llvm/build/tools/sycl/test-e2e/Basic/Output/multisource_spv_obj.cpp.tmp.calc.o -DCALC_KERNEL
# note: command had no output on stdout or stderr
# RUN: at line 20
/localdisk2/vmaksimo/llvm/build/bin/clang++  -Werror -fsycl -fsycl-targets=spir64  /localdisk2/vmaksimo/llvm/sycl/test-e2e/Basic/multisource_spv_obj.cpp -fsycl-device-obj=spirv -c -o /localdisk2/vmaksimo/llvm/build/to
ols/sycl/test-e2e/Basic/Output/multisource_spv_obj.cpp.tmp.main.o -DMAIN_APP
# executed command: /localdisk2/vmaksimo/llvm/build/bin/clang++ -Werror -fsycl -fsycl-targets=spir64 /localdisk2/vmaksimo/llvm/sycl/test-e2e/Basic/multisource_spv_obj.cpp -fsycl-device-obj=spirv -c -o /localdisk2/vmak
simo/llvm/build/tools/sycl/test-e2e/Basic/Output/multisource_spv_obj.cpp.tmp.main.o -DMAIN_APP
# note: command had no output on stdout or stderr
# RUN: at line 21
/localdisk2/vmaksimo/llvm/build/bin/clang++  -Werror -fsycl -fsycl-targets=spir64 /localdisk2/vmaksimo/llvm/build/tools/sycl/test-e2e/Basic/Output/multisource_spv_obj.cpp.tmp.init.o /localdisk2/vmaksimo/llvm/build/too
ls/sycl/test-e2e/Basic/Output/multisource_spv_obj.cpp.tmp.calc.o /localdisk2/vmaksimo/llvm/build/tools/sycl/test-e2e/Basic/Output/multisource_spv_obj.cpp.tmp.main.o -Wno-unused-command-line-argument -o /localdisk2/vma
ksimo/llvm/build/tools/sycl/test-e2e/Basic/Output/multisource_spv_obj.cpp.tmp2.fat
# executed command: /localdisk2/vmaksimo/llvm/build/bin/clang++ -Werror -fsycl -fsycl-targets=spir64 /localdisk2/vmaksimo/llvm/build/tools/sycl/test-e2e/Basic/Output/multisource_spv_obj.cpp.tmp.init.o /localdisk2/vmak
simo/llvm/build/tools/sycl/test-e2e/Basic/Output/multisource_spv_obj.cpp.tmp.calc.o /localdisk2/vmaksimo/llvm/build/tools/sycl/test-e2e/Basic/Output/multisource_spv_obj.cpp.tmp.main.o -Wno-unused-command-line-argument
 -o /localdisk2/vmaksimo/llvm/build/tools/sycl/test-e2e/Basic/Output/multisource_spv_obj.cpp.tmp2.fat
# note: command had no output on stdout or stderr
# RUN: at line 22
env ONEAPI_DEVICE_SELECTOR=opencl:cpu  /localdisk2/vmaksimo/llvm/build/tools/sycl/test-e2e/Basic/Output/multisource_spv_obj.cpp.tmp2.fat
# executed command: env ONEAPI_DEVICE_SELECTOR=opencl:cpu /localdisk2/vmaksimo/llvm/build/tools/sycl/test-e2e/Basic/Output/multisource_spv_obj.cpp.tmp2.fat
# .---command stdout------------
# | Done!
# `-----------------------------
# RUN: at line 22
env ONEAPI_DEVICE_SELECTOR=opencl:fpga  /localdisk2/vmaksimo/llvm/build/tools/sycl/test-e2e/Basic/Output/multisource_spv_obj.cpp.tmp2.fat
# executed command: env ONEAPI_DEVICE_SELECTOR=opencl:fpga /localdisk2/vmaksimo/llvm/build/tools/sycl/test-e2e/Basic/Output/multisource_spv_obj.cpp.tmp2.fat
# .---command stdout------------
# | Done!
# `-----------------------------
# RUN: at line 25
/localdisk2/vmaksimo/llvm/build/bin/clang++  -Werror -fsycl -fsycl-targets=spir64  /localdisk2/vmaksimo/llvm/sycl/test-e2e/Basic/multisource_spv_obj.cpp -fsycl-device-obj=spirv -c -o /localdisk2/vmaksimo/llvm/build/to
ols/sycl/test-e2e/Basic/Output/multisource_spv_obj.cpp.tmp.init.o -DINIT_KERNEL
# executed command: /localdisk2/vmaksimo/llvm/build/bin/clang++ -Werror -fsycl -fsycl-targets=spir64 /localdisk2/vmaksimo/llvm/sycl/test-e2e/Basic/multisource_spv_obj.cpp -fsycl-device-obj=spirv -c -o /localdisk2/vmak
simo/llvm/build/tools/sycl/test-e2e/Basic/Output/multisource_spv_obj.cpp.tmp.init.o -DINIT_KERNEL
# note: command had no output on stdout or stderr
# RUN: at line 26
/localdisk2/vmaksimo/llvm/build/bin/clang++  -Werror -fsycl -fsycl-targets=spir64  /localdisk2/vmaksimo/llvm/sycl/test-e2e/Basic/multisource_spv_obj.cpp -fsycl-device-obj=llvmir -c -o /localdisk2/vmaksimo/llvm/build/t
ools/sycl/test-e2e/Basic/Output/multisource_spv_obj.cpp.tmp.calc.o -DCALC_KERNEL
# executed command: /localdisk2/vmaksimo/llvm/build/bin/clang++ -Werror -fsycl -fsycl-targets=spir64 /localdisk2/vmaksimo/llvm/sycl/test-e2e/Basic/multisource_spv_obj.cpp -fsycl-device-obj=llvmir -c -o /localdisk2/vma
ksimo/llvm/build/tools/sycl/test-e2e/Basic/Output/multisource_spv_obj.cpp.tmp.calc.o -DCALC_KERNEL
# note: command had no output on stdout or stderr
# RUN: at line 27
/localdisk2/vmaksimo/llvm/build/bin/clang++  -Werror -fsycl -fsycl-targets=spir64  /localdisk2/vmaksimo/llvm/sycl/test-e2e/Basic/multisource_spv_obj.cpp -c -o /localdisk2/vmaksimo/llvm/build/tools/sycl/test-e2e/Basic/
Output/multisource_spv_obj.cpp.tmp.main.o -DMAIN_APP
# executed command: /localdisk2/vmaksimo/llvm/build/bin/clang++ -Werror -fsycl -fsycl-targets=spir64 /localdisk2/vmaksimo/llvm/sycl/test-e2e/Basic/multisource_spv_obj.cpp -c -o /localdisk2/vmaksimo/llvm/build/tools/sy
cl/test-e2e/Basic/Output/multisource_spv_obj.cpp.tmp.main.o -DMAIN_APP
# note: command had no output on stdout or stderr
# error: command failed with exit status: -9
# error: command reached timeout: True

--

********************
TIMEOUT: SYCL :: Basic/sycl_2020_images/host_task_sampled_image_read_linear.cpp (2069 of 2392)
******************** TEST 'SYCL :: Basic/sycl_2020_images/host_task_sampled_image_read_linear.cpp' FAILED ********************
Exit Code: -9
Timeout: Reached timeout of 1200 seconds

Command Output (stdout):
--
# RUN: at line 1
/localdisk2/vmaksimo/llvm/build/bin/clang++  -Werror -fsycl -fsycl-targets=spir64  /localdisk2/vmaksimo/llvm/sycl/test-e2e/Basic/sycl_2020_images/host_task_sampled_image_read_linear.cpp -o /localdisk2/vmaksimo/llvm/bu
ild/tools/sycl/test-e2e/Basic/sycl_2020_images/Output/host_task_sampled_image_read_linear.cpp.tmp.out
# executed command: /localdisk2/vmaksimo/llvm/build/bin/clang++ -Werror -fsycl -fsycl-targets=spir64 /localdisk2/vmaksimo/llvm/sycl/test-e2e/Basic/sycl_2020_images/host_task_sampled_image_read_linear.cpp -o /localdisk
2/vmaksimo/llvm/build/tools/sycl/test-e2e/Basic/sycl_2020_images/Output/host_task_sampled_image_read_linear.cpp.tmp.out
# note: command had no output on stdout or stderr
# error: command failed with exit status: -9
# error: command reached timeout: True

--

********************
TIMEOUT: SYCL :: Basic/vector/int-convert.cpp (2153 of 2392)
******************** TEST 'SYCL :: Basic/vector/int-convert.cpp' FAILED ********************
Exit Code: -9
Timeout: Reached timeout of 1200 seconds

Command Output (stdout):
--
# RUN: at line 7
/localdisk2/vmaksimo/llvm/build/bin/clang++  -Werror -fsycl -fsycl-targets=spir64  /localdisk2/vmaksimo/llvm/sycl/test-e2e/Basic/vector/int-convert.cpp -o /localdisk2/vmaksimo/llvm/build/tools/sycl/test-e2e/Basic/vect
or/Output/int-convert.cpp.tmp.out -DSYCL2020_DISABLE_DEPRECATION_WARNINGS
# executed command: /localdisk2/vmaksimo/llvm/build/bin/clang++ -Werror -fsycl -fsycl-targets=spir64 /localdisk2/vmaksimo/llvm/sycl/test-e2e/Basic/vector/int-convert.cpp -o /localdisk2/vmaksimo/llvm/build/tools/sycl/t
est-e2e/Basic/vector/Output/int-convert.cpp.tmp.out -DSYCL2020_DISABLE_DEPRECATION_WARNINGS
# note: command had no output on stdout or stderr
# RUN: at line 8
env ONEAPI_DEVICE_SELECTOR=opencl:cpu  /localdisk2/vmaksimo/llvm/build/tools/sycl/test-e2e/Basic/vector/Output/int-convert.cpp.tmp.out
# executed command: env ONEAPI_DEVICE_SELECTOR=opencl:cpu /localdisk2/vmaksimo/llvm/build/tools/sycl/test-e2e/Basic/vector/Output/int-convert.cpp.tmp.out
# note: command had no output on stdout or stderr
# RUN: at line 8
env ONEAPI_DEVICE_SELECTOR=opencl:fpga  /localdisk2/vmaksimo/llvm/build/tools/sycl/test-e2e/Basic/vector/Output/int-convert.cpp.tmp.out
# executed command: env ONEAPI_DEVICE_SELECTOR=opencl:fpga /localdisk2/vmaksimo/llvm/build/tools/sycl/test-e2e/Basic/vector/Output/int-convert.cpp.tmp.out
# note: command had no output on stdout or stderr
# RUN: at line 10
/localdisk2/vmaksimo/llvm/build/bin/clang++  -Werror -fsycl -fsycl-targets=spir64  /localdisk2/vmaksimo/llvm/sycl/test-e2e/Basic/vector/int-convert.cpp -fpreview-breaking-changes -DSYCL2020_DISABLE_DEPRECATION_WARNING
S -o /localdisk2/vmaksimo/llvm/build/tools/sycl/test-e2e/Basic/vector/Output/int-convert.cpp.tmp2.out
# executed command: /localdisk2/vmaksimo/llvm/build/bin/clang++ -Werror -fsycl -fsycl-targets=spir64 /localdisk2/vmaksimo/llvm/sycl/test-e2e/Basic/vector/int-convert.cpp -fpreview-breaking-changes -DSYCL2020_DISABLE_D
EPRECATION_WARNINGS -o /localdisk2/vmaksimo/llvm/build/tools/sycl/test-e2e/Basic/vector/Output/int-convert.cpp.tmp2.out
# note: command had no output on stdout or stderr
# error: command failed with exit status: -9
# error: command reached timeout: True

--

********************
FAIL: SYCL :: VirtualFunctions/misc/group-barrier.cpp (2205 of 2392)
******************** TEST 'SYCL :: VirtualFunctions/misc/group-barrier.cpp' FAILED ********************
Exit Code: -11

Command Output (stdout):
--
# RUN: at line 15
/localdisk2/vmaksimo/llvm/build/bin/clang++  -Werror -fsycl -fsycl-targets=spir64  /localdisk2/vmaksimo/llvm/sycl/test-e2e/VirtualFunctions/misc/group-barrier.cpp -o /localdisk2/vmaksimo/llvm/build/tools/sycl/test-e2e
/VirtualFunctions/misc/Output/group-barrier.cpp.tmp.out -I /localdisk2/vmaksimo/llvm/sycl/test-e2e/VirtualFunctions
# executed command: /localdisk2/vmaksimo/llvm/build/bin/clang++ -Werror -fsycl -fsycl-targets=spir64 /localdisk2/vmaksimo/llvm/sycl/test-e2e/VirtualFunctions/misc/group-barrier.cpp -o /localdisk2/vmaksimo/llvm/build/t
ools/sycl/test-e2e/VirtualFunctions/misc/Output/group-barrier.cpp.tmp.out -I /localdisk2/vmaksimo/llvm/sycl/test-e2e/VirtualFunctions
# .---command stderr------------
# | warning: Undefined function _ZN5SumOp5applyEPiN4sycl3_V15groupILi1EEE found in /tmp/lit-tmp-g_qpzvok/group-barrier-9a14b7.bc. This may result in runtime errors.
# | warning: Undefined function _ZN10MultiplyOp5applyEPiN4sycl3_V15groupILi1EEE found in /tmp/lit-tmp-g_qpzvok/group-barrier-9a14b7.bc. This may result in runtime errors.
# `-----------------------------
# RUN: at line 16
env ONEAPI_DEVICE_SELECTOR=opencl:cpu  /localdisk2/vmaksimo/llvm/build/tools/sycl/test-e2e/VirtualFunctions/misc/Output/group-barrier.cpp.tmp.out
# executed command: env ONEAPI_DEVICE_SELECTOR=opencl:cpu /localdisk2/vmaksimo/llvm/build/tools/sycl/test-e2e/VirtualFunctions/misc/Output/group-barrier.cpp.tmp.out
# note: command had no output on stdout or stderr
# error: command failed with exit status: -11

--

********************
TIMEOUT: SYCL :: DeviceLib/imf_fp32_test.cpp (2222 of 2392)
******************** TEST 'SYCL :: DeviceLib/imf_fp32_test.cpp' FAILED ********************
Exit Code: -9
Timeout: Reached timeout of 1200 seconds

Command Output (stdout):
--
# RUN: at line 1
/localdisk2/vmaksimo/llvm/build/bin/clang++  -Werror -fsycl -fsycl-targets=spir64  /localdisk2/vmaksimo/llvm/sycl/test-e2e/DeviceLib/imf_fp32_test.cpp -o /localdisk2/vmaksimo/llvm/build/tools/sycl/test-e2e/DeviceLib/O
utput/imf_fp32_test.cpp.tmp1.out
# executed command: /localdisk2/vmaksimo/llvm/build/bin/clang++ -Werror -fsycl -fsycl-targets=spir64 /localdisk2/vmaksimo/llvm/sycl/test-e2e/DeviceLib/imf_fp32_test.cpp -o /localdisk2/vmaksimo/llvm/build/tools/sycl/te
st-e2e/DeviceLib/Output/imf_fp32_test.cpp.tmp1.out
# note: command had no output on stdout or stderr
# RUN: at line 2
env ONEAPI_DEVICE_SELECTOR=opencl:cpu  /localdisk2/vmaksimo/llvm/build/tools/sycl/test-e2e/DeviceLib/Output/imf_fp32_test.cpp.tmp1.out
# executed command: env ONEAPI_DEVICE_SELECTOR=opencl:cpu /localdisk2/vmaksimo/llvm/build/tools/sycl/test-e2e/DeviceLib/Output/imf_fp32_test.cpp.tmp1.out
# .---command stdout------------
# | Running on Intel(R) Xeon(R) Platinum 8380 CPU @ 2.30GHz
# | float2int_rd passes.
# | float2int_rn passes.
# | float2int_ru passes.
# | float2int_rz passes.
# | float2ll_rd passes.
# | float2ll_rn passes.
# | float2ll_ru passes.
# | float2ll_rz passes.
# | float2uint_rd passes.
# | float2uint_rn passes.
# | float2uint_ru passes.
# | float2uint_rz passes.
# | float2ull_rd passes.
# | float2ull_rn passes.
# | float2ull_ru passes.
# | float2ull_rz passes.
# | float_as_int passes.
# | float_as_uint passes.
# | int2float_rd passes.
# | int2float_rn passes.
# | int2float_ru passes.
# | int2float_rz passes.
# | ll2float_rd passes.
# | ll2float_rn passes.
# | ll2float_ru passes.
# | ll2float_rz passes.
# | ull2float_rd passes.
# | ull2float_rn passes.
# | ull2float_ru passes.
# | ull2float_rz passes.
# | uint2float_rd passes.
# | uint2float_rn passes.
# | uint2float_ru passes.
# | uint2float_rz passes.
# | uint_as_float passes.
# | int_as_float passes.
# | brev passes.
# | brevll passes.
# | clz passes.
# | clzll passes.
# | ffs passes.
# | ffsll passes.
# | popc passes.
# | popcll passes.
# | mul24 passes.
# | mulhi passes.
# | mul64hi passes.
# | llmax passes.
# | llmin passes.
# | max passes.
# | min passes.
# | rhadd passes.
# | hadd passes.
# | uhadd passes.
# | umax passes.
# | umin passes.
# | umul24 passes.
# | umulhi passes.
# | umul64hi passes.
# | ullmax passes.
# | ullmin passes.
# | urhadd passes.
# | byte_perm passes.
# | sad passes.
# | usad passes.
# `-----------------------------
# RUN: at line 2
env ONEAPI_DEVICE_SELECTOR=opencl:fpga  /localdisk2/vmaksimo/llvm/build/tools/sycl/test-e2e/DeviceLib/Output/imf_fp32_test.cpp.tmp1.out
# executed command: env ONEAPI_DEVICE_SELECTOR=opencl:fpga /localdisk2/vmaksimo/llvm/build/tools/sycl/test-e2e/DeviceLib/Output/imf_fp32_test.cpp.tmp1.out
# .---command stdout------------
# | Running on Intel(R) FPGA Emulation Device
# | float2int_rd passes.
# | float2int_rn passes.
# | float2int_ru passes.
# | float2int_rz passes.
# | float2ll_rd passes.
# | float2ll_rn passes.
# | float2ll_ru passes.
# | float2ll_rz passes.
# | float2uint_rd passes.
# | float2uint_rn passes.
# | float2uint_ru passes.
# | float2uint_rz passes.
# | float2ull_rd passes.
# | float2ull_rn passes.
# | float2ull_ru passes.
# | float2ull_rz passes.
# | float_as_int passes.
# | float_as_uint passes.
# | int2float_rd passes.
# | int2float_rn passes.
# | int2float_ru passes.
# | int2float_rz passes.
# | ll2float_rd passes.
# | ll2float_rn passes.
# | ll2float_ru passes.
# | ll2float_rz passes.
# | ull2float_rd passes.
# | ull2float_rn passes.
# | ull2float_ru passes.
# | ull2float_rz passes.
# | uint2float_rd passes.
# | uint2float_rn passes.
# | uint2float_ru passes.
# | uint2float_rz passes.
# | uint_as_float passes.
# | int_as_float passes.
# | brev passes.
# | brevll passes.
# | clz passes.
# | clzll passes.
# | ffs passes.
# | ffsll passes.
# | popc passes.
# | popcll passes.
# | mul24 passes.
# | mulhi passes.
# | mul64hi passes.
# | llmax passes.
# | llmin passes.
# | max passes.
# | min passes.
# | rhadd passes.
# | hadd passes.
# | uhadd passes.
# | umax passes.
# | umin passes.
# | umul24 passes.
# | umulhi passes.
# | umul64hi passes.
# | ullmax passes.
# | ullmin passes.
# | urhadd passes.
# | byte_perm passes.
# | sad passes.
# | usad passes.
# `-----------------------------
# RUN: at line 4
/localdisk2/vmaksimo/llvm/build/bin/clang++  -Werror -fsycl -fsycl-targets=spir64  /localdisk2/vmaksimo/llvm/sycl/test-e2e/DeviceLib/imf_fp32_test.cpp -fno-builtin -fsycl-device-lib-jit-link -o /localdisk2/vmaksimo/ll
vm/build/tools/sycl/test-e2e/DeviceLib/Output/imf_fp32_test.cpp.tmp2.out
# executed command: /localdisk2/vmaksimo/llvm/build/bin/clang++ -Werror -fsycl -fsycl-targets=spir64 /localdisk2/vmaksimo/llvm/sycl/test-e2e/DeviceLib/imf_fp32_test.cpp -fno-builtin -fsycl-device-lib-jit-link -o /loca
ldisk2/vmaksimo/llvm/build/tools/sycl/test-e2e/DeviceLib/Output/imf_fp32_test.cpp.tmp2.out
# note: command had no output on stdout or stderr
# error: command failed with exit status: -9
# error: command reached timeout: True

--

********************
TIMEOUT: SYCL :: DeviceLib/imf_simd_emulate_test.cpp (2229 of 2392)
******************** TEST 'SYCL :: DeviceLib/imf_simd_emulate_test.cpp' FAILED ********************
Exit Code: -9
Timeout: Reached timeout of 1200 seconds

Command Output (stdout):
--
# RUN: at line 1
/localdisk2/vmaksimo/llvm/build/bin/clang++  -Werror -fsycl -fsycl-targets=spir64  /localdisk2/vmaksimo/llvm/sycl/test-e2e/DeviceLib/imf_simd_emulate_test.cpp -o /localdisk2/vmaksimo/llvm/build/tools/sycl/test-e2e/Dev
iceLib/Output/imf_simd_emulate_test.cpp.tmp1.out
# executed command: /localdisk2/vmaksimo/llvm/build/bin/clang++ -Werror -fsycl -fsycl-targets=spir64 /localdisk2/vmaksimo/llvm/sycl/test-e2e/DeviceLib/imf_simd_emulate_test.cpp -o /localdisk2/vmaksimo/llvm/build/tools
/sycl/test-e2e/DeviceLib/Output/imf_simd_emulate_test.cpp.tmp1.out
# note: command had no output on stdout or stderr
# RUN: at line 2
env ONEAPI_DEVICE_SELECTOR=opencl:cpu  /localdisk2/vmaksimo/llvm/build/tools/sycl/test-e2e/DeviceLib/Output/imf_simd_emulate_test.cpp.tmp1.out
# executed command: env ONEAPI_DEVICE_SELECTOR=opencl:cpu /localdisk2/vmaksimo/llvm/build/tools/sycl/test-e2e/DeviceLib/Output/imf_simd_emulate_test.cpp.tmp1.out
# .---command stdout------------
# | Running on Intel(R) Xeon(R) Platinum 8380 CPU @ 2.30GHz
# | sycl::ext::intel::math::vabs2_4 test pass.
# | sycl::ext::intel::math::vabsss2_4 test pass.
# | sycl::ext::intel::math::vabsdiffsu_2_4 test pass.
# | sycl::ext::intel::math::vadd_2_4 test pass.
# | sycl::ext::intel::math::vaddus_2_4 test pass.
# | sycl::ext::intel::math::vsub_2_4 test pass.
# | sycl::ext::intel::math::vsubus_2_4 test pass.
# | sycl::ext::intel::math::vhaddu_2_4 test pass.
# | sycl::ext::intel::math::vavgu_2_4 test pass.
# | sycl::ext::intel::math::vcmpgts_2_4 test pass.
# | sycl::ext::intel::math::vmaxmin_2_4 test pass.
# | sycl::ext::intel::math::vneg_2_4 test pass.
# | sycl::ext::intel::math::vnegss_2_4 test pass.
# | sycl::ext::intel::math::vsad_2_4 test pass.
# | sycl::ext::intel::math::veqne_2_4 test pass.
# | sycl::ext::intel::math::vgelt_2_4 test pass.
# | sycl::ext::intel::math::vgtle_2_4 test pass.
# | sycl::ext::intel::math::vavgs_2_4 test pass.
# | sycl::ext::intel::math::viaddmax_s16x2 test pass.
# | sycl::ext::intel::math::viaddmax_s16x2_relu test pass.
# | sycl::ext::intel::math::viaddmax_s32 test pass.
# | sycl::ext::intel::math::viaddmax_s32_relu test pass.
# | sycl::ext::intel::math::viaddmax_u16x2 test pass.
# | sycl::ext::intel::math::viaddmax_u32 test pass.
# | sycl::ext::intel::math::viaddmin_s16x2 test pass.
# | sycl::ext::intel::math::viaddmin_s16x2_relu test pass.
# | sycl::ext::intel::math::viaddmin_s32 test pass.
# | sycl::ext::intel::math::viaddmin_s32_relu test pass.
# | sycl::ext::intel::math::viaddmin_u16x2 test pass.
# | sycl::ext::intel::math::viaddmin_u32 test pass.
# | sycl::ext::intel::math::vibmax_s16x2 test pass.
# | sycl::ext::intel::math::vibmax_s32 test pass.
# | sycl::ext::intel::math::vibmax_u16x2 test pass.
# | sycl::ext::intel::math::vibmax_u32 test pass.
# | sycl::ext::intel::math::vibmin_s16x2 test pass.
# | sycl::ext::intel::math::vibmin_s32 test pass.
# | sycl::ext::intel::math::vibmin_u16x2 test pass.
# | sycl::ext::intel::math::vibmin_u32 test pass.
# | sycl::ext::intel::math::vimax3_s16x2 test pass.
# | sycl::ext::intel::math::vimax3_s16x2_relu test pass.
# | sycl::ext::intel::math::vimin3_s16x2 test pass.
# | sycl::ext::intel::math::vimin3_s16x2_relu test pass.
# | sycl::ext::intel::math::vimax3_s32 test pass.
# | sycl::ext::intel::math::vimax3_s32_relu test pass.
# | sycl::ext::intel::math::vimin3_s32 test pass.
# | sycl::ext::intel::math::vimin3_s32_relu test pass.
# | sycl::ext::intel::math::vimax3_u16x2 test pass.
# | sycl::ext::intel::math::vimax3_u32 test pass.
# | sycl::ext::intel::math::vimin3_u16x2 test pass.
# | sycl::ext::intel::math::vimin3_u32 test pass.
# | sycl::ext::intel::math::vimax_s16x2_relu test pass.
# | sycl::ext::intel::math::vimax_s32_relu test pass.
# | sycl::ext::intel::math::vimin_s16x2_relu test pass.
# | sycl::ext::intel::math::vimin_s32_relu test pass.
# `-----------------------------
# RUN: at line 2
env ONEAPI_DEVICE_SELECTOR=opencl:fpga  /localdisk2/vmaksimo/llvm/build/tools/sycl/test-e2e/DeviceLib/Output/imf_simd_emulate_test.cpp.tmp1.out
# executed command: env ONEAPI_DEVICE_SELECTOR=opencl:fpga /localdisk2/vmaksimo/llvm/build/tools/sycl/test-e2e/DeviceLib/Output/imf_simd_emulate_test.cpp.tmp1.out
# .---command stdout------------
# | Running on Intel(R) FPGA Emulation Device
# | sycl::ext::intel::math::vabs2_4 test pass.
# | sycl::ext::intel::math::vabsss2_4 test pass.
# | sycl::ext::intel::math::vabsdiffsu_2_4 test pass.
# | sycl::ext::intel::math::vadd_2_4 test pass.
# | sycl::ext::intel::math::vaddus_2_4 test pass.
# | sycl::ext::intel::math::vsub_2_4 test pass.
# | sycl::ext::intel::math::vsubus_2_4 test pass.
# | sycl::ext::intel::math::vhaddu_2_4 test pass.
# | sycl::ext::intel::math::vavgu_2_4 test pass.
# | sycl::ext::intel::math::vcmpgts_2_4 test pass.
# | sycl::ext::intel::math::vmaxmin_2_4 test pass.
# | sycl::ext::intel::math::vneg_2_4 test pass.
# | sycl::ext::intel::math::vnegss_2_4 test pass.
# | sycl::ext::intel::math::vsad_2_4 test pass.
# | sycl::ext::intel::math::veqne_2_4 test pass.
# | sycl::ext::intel::math::vgelt_2_4 test pass.
# | sycl::ext::intel::math::vgtle_2_4 test pass.
# | sycl::ext::intel::math::vavgs_2_4 test pass.
# | sycl::ext::intel::math::viaddmax_s16x2 test pass.
# | sycl::ext::intel::math::viaddmax_s16x2_relu test pass.
# | sycl::ext::intel::math::viaddmax_s32 test pass.
# | sycl::ext::intel::math::viaddmax_s32_relu test pass.
# | sycl::ext::intel::math::viaddmax_u16x2 test pass.
# | sycl::ext::intel::math::viaddmax_u32 test pass.
# | sycl::ext::intel::math::viaddmin_s16x2 test pass.
# | sycl::ext::intel::math::viaddmin_s16x2_relu test pass.
# | sycl::ext::intel::math::viaddmin_s32 test pass.
# | sycl::ext::intel::math::viaddmin_s32_relu test pass.
# | sycl::ext::intel::math::viaddmin_u16x2 test pass.
# | sycl::ext::intel::math::viaddmin_u32 test pass.
# | sycl::ext::intel::math::vibmax_s16x2 test pass.
# | sycl::ext::intel::math::vibmax_s32 test pass.
# | sycl::ext::intel::math::vibmax_u16x2 test pass.
# | sycl::ext::intel::math::vibmax_u32 test pass.
# | sycl::ext::intel::math::vibmin_s16x2 test pass.
# | sycl::ext::intel::math::vibmin_s32 test pass.
# | sycl::ext::intel::math::vibmin_u16x2 test pass.
# | sycl::ext::intel::math::vibmin_u32 test pass.
# | sycl::ext::intel::math::vimax3_s16x2 test pass.
# | sycl::ext::intel::math::vimax3_s16x2_relu test pass.
# | sycl::ext::intel::math::vimin3_s16x2 test pass.
# | sycl::ext::intel::math::vimin3_s16x2_relu test pass.
# | sycl::ext::intel::math::vimax3_s32 test pass.
# | sycl::ext::intel::math::vimax3_s32_relu test pass.
# | sycl::ext::intel::math::vimin3_s32 test pass.
# | sycl::ext::intel::math::vimin3_s32_relu test pass.
# | sycl::ext::intel::math::vimax3_u16x2 test pass.
# | sycl::ext::intel::math::vimax3_u32 test pass.
# | sycl::ext::intel::math::vimin3_u16x2 test pass.
# | sycl::ext::intel::math::vimin3_u32 test pass.
# | sycl::ext::intel::math::vimax_s16x2_relu test pass.
# | sycl::ext::intel::math::vimax_s32_relu test pass.
# | sycl::ext::intel::math::vimin_s16x2_relu test pass.
# | sycl::ext::intel::math::vimin_s32_relu test pass.
# `-----------------------------
# RUN: at line 4
/localdisk2/vmaksimo/llvm/build/bin/clang++  -Werror -fsycl -fsycl-targets=spir64  /localdisk2/vmaksimo/llvm/sycl/test-e2e/DeviceLib/imf_simd_emulate_test.cpp -fno-builtin -fsycl-device-lib-jit-link -o /localdisk2/vma
ksimo/llvm/build/tools/sycl/test-e2e/DeviceLib/Output/imf_simd_emulate_test.cpp.tmp2.out
# executed command: /localdisk2/vmaksimo/llvm/build/bin/clang++ -Werror -fsycl -fsycl-targets=spir64 /localdisk2/vmaksimo/llvm/sycl/test-e2e/DeviceLib/imf_simd_emulate_test.cpp -fno-builtin -fsycl-device-lib-jit-link
-o /localdisk2/vmaksimo/llvm/build/tools/sycl/test-e2e/DeviceLib/Output/imf_simd_emulate_test.cpp.tmp2.out
# note: command had no output on stdout or stderr
# RUN: at line 5
env ONEAPI_DEVICE_SELECTOR=opencl:cpu  /localdisk2/vmaksimo/llvm/build/tools/sycl/test-e2e/DeviceLib/Output/imf_simd_emulate_test.cpp.tmp2.out
# executed command: env ONEAPI_DEVICE_SELECTOR=opencl:cpu /localdisk2/vmaksimo/llvm/build/tools/sycl/test-e2e/DeviceLib/Output/imf_simd_emulate_test.cpp.tmp2.out
# note: command had no output on stdout or stderr
# error: command failed with exit status: -9
# error: command reached timeout: True

--

********************
FAIL: SYCL :: syclcompat/device/device_profiling.cpp (2251 of 2392)
******************** TEST 'SYCL :: syclcompat/device/device_profiling.cpp' FAILED ********************
Exit Code: -6

Command Output (stdout):
--
# RUN: at line 23
/localdisk2/vmaksimo/llvm/build/bin/clang++  -Werror -Wno-error=#warnings -Wno-error=deprecated-declarations -fsycl -fsycl-targets=spir64  /localdisk2/vmaksimo/llvm/sycl/test-e2e/syclcompat/device/device_profiling.cpp
 -DSYCLCOMPAT_PROFILING_ENABLED=1 -o /localdisk2/vmaksimo/llvm/build/tools/sycl/test-e2e/syclcompat/device/Output/device_profiling.cpp.tmp-profiling.out
# executed command: /localdisk2/vmaksimo/llvm/build/bin/clang++ -Werror '-Wno-error=#warnings' -Wno-error=deprecated-declarations -fsycl -fsycl-targets=spir64 /localdisk2/vmaksimo/llvm/sycl/test-e2e/syclcompat/device/
device_profiling.cpp -DSYCLCOMPAT_PROFILING_ENABLED=1 -o /localdisk2/vmaksimo/llvm/build/tools/sycl/test-e2e/syclcompat/device/Output/device_profiling.cpp.tmp-profiling.out
# .---command stderr------------
# | In file included from /localdisk2/vmaksimo/llvm/sycl/test-e2e/syclcompat/device/device_profiling.cpp:28:
# | /localdisk2/vmaksimo/llvm/build/bin/../include/syclcompat/device.hpp:518:2: warning: "get_device_info: querying memory_clock_rate and memory_bus_width are not supported by the compiler used. Use 3200000 kHz as mem
ory_clock_rate default value. Use 64 bits as memory_bus_width default value." [-W#warnings]
# |   518 | #warning "get_device_info: querying memory_clock_rate and \
# |       |  ^
# | /localdisk2/vmaksimo/llvm/build/bin/../include/syclcompat/device.hpp:546:2: warning: "get_device_info: querying the maximum number of     work groups is not supported." [-W#warnings]
# |   546 | #warning "get_device_info: querying the maximum number of \
# |       |  ^
# | 2 warnings generated.
# | In file included from /localdisk2/vmaksimo/llvm/sycl/test-e2e/syclcompat/device/device_profiling.cpp:28:
# | /localdisk2/vmaksimo/llvm/build/bin/../include/syclcompat/device.hpp:518:2: warning: "get_device_info: querying memory_clock_rate and memory_bus_width are not supported by the compiler used. Use 3200000 kHz as mem
ory_clock_rate default value. Use 64 bits as memory_bus_width default value." [-W#warnings]
# |   518 | #warning "get_device_info: querying memory_clock_rate and \
# |       |  ^
# | /localdisk2/vmaksimo/llvm/build/bin/../include/syclcompat/device.hpp:546:2: warning: "get_device_info: querying the maximum number of     work groups is not supported." [-W#warnings]
# |   546 | #warning "get_device_info: querying the maximum number of \
# |       |  ^
# | 2 warnings generated.
# `-----------------------------
# RUN: at line 24
env ONEAPI_DEVICE_SELECTOR=opencl:cpu  /localdisk2/vmaksimo/llvm/build/tools/sycl/test-e2e/syclcompat/device/Output/device_profiling.cpp.tmp-profiling.out
# executed command: env ONEAPI_DEVICE_SELECTOR=opencl:cpu /localdisk2/vmaksimo/llvm/build/tools/sycl/test-e2e/syclcompat/device/Output/device_profiling.cpp.tmp-profiling.out
# note: command had no output on stdout or stderr
# RUN: at line 24
env ONEAPI_DEVICE_SELECTOR=opencl:fpga  /localdisk2/vmaksimo/llvm/build/tools/sycl/test-e2e/syclcompat/device/Output/device_profiling.cpp.tmp-profiling.out
# executed command: env ONEAPI_DEVICE_SELECTOR=opencl:fpga /localdisk2/vmaksimo/llvm/build/tools/sycl/test-e2e/syclcompat/device/Output/device_profiling.cpp.tmp-profiling.out
# .---command stderr------------
# | terminate called after throwing an instance of 'sycl::_V1::exception'
# |   what():  Unable to get command group submission time: Native API failed. Native API returns: 44 (UR_RESULT_ERROR_UNSUPPORTED_FEATURE)
# `-----------------------------
# error: command failed with exit status: -6

--

********************
TIMEOUT: SYCL :: KernelCompiler/sycl.cpp (2352 of 2392)
******************** TEST 'SYCL :: KernelCompiler/sycl.cpp' FAILED ********************
Exit Code: -9
Timeout: Reached timeout of 1200 seconds

Command Output (stdout):
--
# RUN: at line 15
/localdisk2/vmaksimo/llvm/build/bin/clang++  -Werror -fsycl -fsycl-targets=spir64  /localdisk2/vmaksimo/llvm/sycl/test-e2e/KernelCompiler/sycl.cpp -o /localdisk2/vmaksimo/llvm/build/tools/sycl/test-e2e/KernelCompiler/
Output/sycl.cpp.tmp.out
# executed command: /localdisk2/vmaksimo/llvm/build/bin/clang++ -Werror -fsycl -fsycl-targets=spir64 /localdisk2/vmaksimo/llvm/sycl/test-e2e/KernelCompiler/sycl.cpp -o /localdisk2/vmaksimo/llvm/build/tools/sycl/test-e
2e/KernelCompiler/Output/sycl.cpp.tmp.out
# note: command had no output on stdout or stderr
# RUN: at line 16
env UR_L0_LEAKS_DEBUG=1 env ONEAPI_DEVICE_SELECTOR=opencl:cpu  /localdisk2/vmaksimo/llvm/build/tools/sycl/test-e2e/KernelCompiler/Output/sycl.cpp.tmp.out
# executed command: env UR_L0_LEAKS_DEBUG=1 env ONEAPI_DEVICE_SELECTOR=opencl:cpu /localdisk2/vmaksimo/llvm/build/tools/sycl/test-e2e/KernelCompiler/Output/sycl.cpp.tmp.out
# .---command stdout------------
# | 42=42 43=43 44=44 45=45 46=46 47=47 48=48 49=49 50=50 51=51
# | 44=44 45=45 46=46 47=47 48=48 49=49 50=50 51=51 52=52 53=53
# | 44=44 45=45 46=46 47=47 48=48 49=49 50=50 51=51 52=52 53=53
# | 42=42 43=43 44=44 45=45 46=46 47=47 48=48 49=49 50=50 51=51
# `-----------------------------
# error: command failed with exit status: -9
# error: command reached timeout: True

--

********************
TIMEOUT: SYCL :: KernelCompiler/sycl_cache.cpp (2354 of 2392)
******************** TEST 'SYCL :: KernelCompiler/sycl_cache.cpp' FAILED ********************
Exit Code: 1
Timeout: Reached timeout of 1200 seconds

Command Output (stdout):
--
# RUN: at line 17
/localdisk2/vmaksimo/llvm/build/bin/clang++  -Werror -fsycl -fsycl-targets=spir64  /localdisk2/vmaksimo/llvm/sycl/test-e2e/KernelCompiler/sycl_cache.cpp -o /localdisk2/vmaksimo/llvm/build/tools/sycl/test-e2e/KernelCom
piler/Output/sycl_cache.cpp.tmp.out
# executed command: /localdisk2/vmaksimo/llvm/build/bin/clang++ -Werror -fsycl -fsycl-targets=spir64 /localdisk2/vmaksimo/llvm/sycl/test-e2e/KernelCompiler/sycl_cache.cpp -o /localdisk2/vmaksimo/llvm/build/tools/sycl/
test-e2e/KernelCompiler/Output/sycl_cache.cpp.tmp.out
# note: command had no output on stdout or stderr
# RUN: at line 18
rm -rf /localdisk2/vmaksimo/llvm/build/tools/sycl/test-e2e/KernelCompiler/Output/sycl_cache.cpp.tmp/cache_dir
# executed command: rm -rf /localdisk2/vmaksimo/llvm/build/tools/sycl/test-e2e/KernelCompiler/Output/sycl_cache.cpp.tmp/cache_dir
# note: command had no output on stdout or stderr
# RUN: at line 19
env SYCL_CACHE_PERSISTENT=1 SYCL_CACHE_TRACE=7 SYCL_CACHE_DIR=/localdisk2/vmaksimo/llvm/build/tools/sycl/test-e2e/KernelCompiler/Output/sycl_cache.cpp.tmp/cache_dir  /localdisk2/vmaksimo/llvm/build/tools/sycl/test-e2e
/KernelCompiler/Output/sycl_cache.cpp.tmp.out 2>&1 | /localdisk2/vmaksimo/llvm/build/bin/FileCheck /localdisk2/vmaksimo/llvm/sycl/test-e2e/KernelCompiler/sycl_cache.cpp --check-prefixes=CHECK,CHECK-UNLIM
# executed command: env SYCL_CACHE_PERSISTENT=1 SYCL_CACHE_TRACE=7 SYCL_CACHE_DIR=/localdisk2/vmaksimo/llvm/build/tools/sycl/test-e2e/KernelCompiler/Output/sycl_cache.cpp.tmp/cache_dir /localdisk2/vmaksimo/llvm/build/
tools/sycl/test-e2e/KernelCompiler/Output/sycl_cache.cpp.tmp.out
# note: command had no output on stdout or stderr
# executed command: /localdisk2/vmaksimo/llvm/build/bin/FileCheck /localdisk2/vmaksimo/llvm/sycl/test-e2e/KernelCompiler/sycl_cache.cpp --check-prefixes=CHECK,CHECK-UNLIM
# note: command had no output on stdout or stderr
# RUN: at line 20
rm -rf /localdisk2/vmaksimo/llvm/build/tools/sycl/test-e2e/KernelCompiler/Output/sycl_cache.cpp.tmp/cache_dir
# executed command: rm -rf /localdisk2/vmaksimo/llvm/build/tools/sycl/test-e2e/KernelCompiler/Output/sycl_cache.cpp.tmp/cache_dir
# note: command had no output on stdout or stderr
# RUN: at line 21
env SYCL_CACHE_PERSISTENT=1 SYCL_CACHE_TRACE=7 SYCL_CACHE_DIR=/localdisk2/vmaksimo/llvm/build/tools/sycl/test-e2e/KernelCompiler/Output/sycl_cache.cpp.tmp/cache_dir SYCL_CACHE_MAX_SIZE=30000  /localdisk2/vmaksimo/llvm
/build/tools/sycl/test-e2e/KernelCompiler/Output/sycl_cache.cpp.tmp.out 2>&1 | /localdisk2/vmaksimo/llvm/build/bin/FileCheck /localdisk2/vmaksimo/llvm/sycl/test-e2e/KernelCompiler/sycl_cache.cpp --check-prefixes=CHECK
,CHECK-EVICT
# executed command: env SYCL_CACHE_PERSISTENT=1 SYCL_CACHE_TRACE=7 SYCL_CACHE_DIR=/localdisk2/vmaksimo/llvm/build/tools/sycl/test-e2e/KernelCompiler/Output/sycl_cache.cpp.tmp/cache_dir SYCL_CACHE_MAX_SIZE=30000 /local
disk2/vmaksimo/llvm/build/tools/sycl/test-e2e/KernelCompiler/Output/sycl_cache.cpp.tmp.out
# note: command had no output on stdout or stderr
# error: command failed with exit status: -9
# error: command reached timeout: True
# executed command: /localdisk2/vmaksimo/llvm/build/bin/FileCheck /localdisk2/vmaksimo/llvm/sycl/test-e2e/KernelCompiler/sycl_cache.cpp --check-prefixes=CHECK,CHECK-EVICT
# .---command stderr------------
# | /localdisk2/vmaksimo/llvm/sycl/test-e2e/KernelCompiler/sycl_cache.cpp:111:12: error: CHECK: expected string not found in input
# |  // CHECK: [kernel_compiler Persistent Cache]: storing device code IR: {{.*}}/[[KEY3]]
# |            ^
# | <stdin>:38:137: note: scanning from here
# | [kernel_compiler Persistent Cache]: cache miss: BYEWqRI1Yb1QColt0lzbAFlbyfwlKFyOPV8vvh6TIhA=bXpZ+1biJXn2oiX6zVfDaTd19naDmx2hII54ZJAGniI=
# |                                                                                                                                         ^
# | <stdin>:38:137: note: with "KEY3" equal to "BYEWqRI1Yb1QColt0lzbAFlbyfwlKFyOPV8vvh6TIhA=bXpZ\\+1biJXn2oiX6zVfDaTd19naDmx2hII54ZJAGniI="
# | [kernel_compiler Persistent Cache]: cache miss: BYEWqRI1Yb1QColt0lzbAFlbyfwlKFyOPV8vvh6TIhA=bXpZ+1biJXn2oiX6zVfDaTd19naDmx2hII54ZJAGniI=
# |                                                                                                                                         ^
# |
# | Input file: <stdin>
# | Check file: /localdisk2/vmaksimo/llvm/sycl/test-e2e/KernelCompiler/sycl_cache.cpp
# |
# | -dump-input=help explains the following input dump.
# |
# | Input was:
# | <<<<<<
# |              .
# |              .
# |              .
# |             33: [kernel_compiler Persistent Cache]: storing device code IR: /localdisk2/vmaksimo/llvm/build/tools/sycl/test-e2e/KernelCompiler/Output/sycl_cache.cpp.tmp/cache_dir/ext_kernel_compiler/VzGcgYg+xAcWV2
nyfgf0iDng49wSyjW7GYYOnyeO7Ak=bXpZ+1biJXn2oiX6zVfDaTd19naDmx2hII54ZJAGniI=/ir.bin
# |             34: [Persistent Cache]: Updating the cache size file.
# |             35: [In-Memory Cache][Thread Id:140523709519808][Program Cache][Key:{imageId = 5,urDevice = 0x17cc290,, serializedObj = }]: Program inserted.
# |             36: [Persistent Cache]: device binary has been cached: /localdisk2/vmaksimo/llvm/build/tools/sycl/test-e2e/KernelCompiler/Output/sycl_cache.cpp.tmp/cache_dir/14394010474732057330/2001131558127430606/61
42509188972423790/6142509188972423790/0.bin
# |             37: [Persistent Cache]: Updating the cache size file.
# |             38: [kernel_compiler Persistent Cache]: cache miss: BYEWqRI1Yb1QColt0lzbAFlbyfwlKFyOPV8vvh6TIhA=bXpZ+1biJXn2oiX6zVfDaTd19naDmx2hII54ZJAGniI=
# | check:111'0                                                                                                                                             X error: no match found
# | check:111'1                                                                                                                                               with "KEY3" equal to "BYEWqRI1Yb1QColt0lzbAFlbyfwlKFyOPV8vv
h6TIhA=bXpZ\\+1biJXn2oiX6zVfDaTd19naDmx2hII54ZJAGniI="
# | >>>>>>
# `-----------------------------
# error: command failed with exit status: 1
# error: command reached timeout: True

--

********************
TIMEOUT: SYCL :: KernelCompiler/sycl_include_paths.cpp (2356 of 2392)
******************** TEST 'SYCL :: KernelCompiler/sycl_include_paths.cpp' FAILED ********************
Exit Code: 2
Timeout: Reached timeout of 1200 seconds

Command Output (stdout):
--
# RUN: at line 15
/localdisk2/vmaksimo/llvm/build/bin/clang++  -Werror -fsycl -fsycl-targets=spir64  /localdisk2/vmaksimo/llvm/sycl/test-e2e/KernelCompiler/sycl_include_paths.cpp -o /localdisk2/vmaksimo/llvm/build/tools/sycl/test-e2e/K
ernelCompiler/Output/sycl_include_paths.cpp.tmp.out
# executed command: /localdisk2/vmaksimo/llvm/build/bin/clang++ -Werror -fsycl -fsycl-targets=spir64 /localdisk2/vmaksimo/llvm/sycl/test-e2e/KernelCompiler/sycl_include_paths.cpp -o /localdisk2/vmaksimo/llvm/build/too
ls/sycl/test-e2e/KernelCompiler/Output/sycl_include_paths.cpp.tmp.out
# note: command had no output on stdout or stderr
# RUN: at line 16
env ONEAPI_DEVICE_SELECTOR=opencl:cpu  /localdisk2/vmaksimo/llvm/build/tools/sycl/test-e2e/KernelCompiler/Output/sycl_include_paths.cpp.tmp.out /localdisk2/vmaksimo/llvm/sycl/test-e2e/KernelCompiler | /localdisk2/vmak
simo/llvm/build/bin/FileCheck /localdisk2/vmaksimo/llvm/sycl/test-e2e/KernelCompiler/sycl_include_paths.cpp --check-prefixes=CHECK,CHECK-NOCWD
# executed command: env ONEAPI_DEVICE_SELECTOR=opencl:cpu /localdisk2/vmaksimo/llvm/build/tools/sycl/test-e2e/KernelCompiler/Output/sycl_include_paths.cpp.tmp.out /localdisk2/vmaksimo/llvm/sycl/test-e2e/KernelCompiler
# note: command had no output on stdout or stderr
# executed command: /localdisk2/vmaksimo/llvm/build/bin/FileCheck /localdisk2/vmaksimo/llvm/sycl/test-e2e/KernelCompiler/sycl_include_paths.cpp --check-prefixes=CHECK,CHECK-NOCWD
# note: command had no output on stdout or stderr
# RUN: at line 20
cd /localdisk2/vmaksimo/llvm/sycl/test-e2e/KernelCompiler/include/C ; env ONEAPI_DEVICE_SELECTOR=opencl:cpu  /localdisk2/vmaksimo/llvm/build/tools/sycl/test-e2e/KernelCompiler/Output/sycl_include_paths.cpp.tmp.out /lo
caldisk2/vmaksimo/llvm/sycl/test-e2e/KernelCompiler | /localdisk2/vmaksimo/llvm/build/bin/FileCheck /localdisk2/vmaksimo/llvm/sycl/test-e2e/KernelCompiler/sycl_include_paths.cpp --check-prefixes=CHECK,CHECK-CWD
# executed command: cd /localdisk2/vmaksimo/llvm/sycl/test-e2e/KernelCompiler/include/C
# note: command had no output on stdout or stderr
# executed command: env ONEAPI_DEVICE_SELECTOR=opencl:cpu /localdisk2/vmaksimo/llvm/build/tools/sycl/test-e2e/KernelCompiler/Output/sycl_include_paths.cpp.tmp.out /localdisk2/vmaksimo/llvm/sycl/test-e2e/KernelCompiler
# note: command had no output on stdout or stderr
# error: command failed with exit status: -9
# error: command reached timeout: True
# executed command: /localdisk2/vmaksimo/llvm/build/bin/FileCheck /localdisk2/vmaksimo/llvm/sycl/test-e2e/KernelCompiler/sycl_include_paths.cpp --check-prefixes=CHECK,CHECK-CWD
# .---command stderr------------
# | FileCheck error: '<stdin>' is empty.
# | FileCheck command line:  /localdisk2/vmaksimo/llvm/build/bin/FileCheck /localdisk2/vmaksimo/llvm/sycl/test-e2e/KernelCompiler/sycl_include_paths.cpp --check-prefixes=CHECK,CHECK-CWD
# `-----------------------------
# error: command failed with exit status: 2
# error: command reached timeout: True

--

********************
********************
Timed Out Tests (10):
  SYCL :: BFloat16/bfloat16_builtins.cpp
  SYCL :: BFloat16/bfloat16_vec_builtins.cpp
  SYCL :: Basic/multisource_spv_obj.cpp
  SYCL :: Basic/sycl_2020_images/host_task_sampled_image_read_linear.cpp
  SYCL :: Basic/vector/int-convert.cpp
  SYCL :: DeviceLib/imf_fp32_test.cpp
  SYCL :: DeviceLib/imf_simd_emulate_test.cpp
  SYCL :: KernelCompiler/sycl.cpp
  SYCL :: KernelCompiler/sycl_cache.cpp
  SYCL :: KernelCompiler/sycl_include_paths.cpp

********************
Failed Tests (7):
  SYCL :: AddressSanitizer/out-of-bounds/private/multiple_private.cpp
  SYCL :: AddressSanitizer/out-of-bounds/private/single_private.cpp
  SYCL :: Basic/submit_time.cpp
  SYCL :: MemorySanitizer/check_divide.cpp
  SYCL :: OptionalKernelFeatures/is_compatible/is_compatible_several_targets.cpp
  SYCL :: VirtualFunctions/misc/group-barrier.cpp
  SYCL :: syclcompat/device/device_profiling.cpp


Testing Time: 2289.90s

Total Discovered Tests: 2392
  Unsupported      : 1350 (56.44%)
  Passed           : 1021 (42.68%)
  Expectedly Failed:    4 (0.17%)
  Timed Out        :   10 (0.42%)
  Failed           :    7 (0.29%)
FAILED: tools/sycl/test-e2e/CMakeFiles/check-sycl-e2e /localdisk2/vmaksimo/llvm/build/tools/sycl/test-e2e/CMakeFiles/check-sycl-e2e
cd /localdisk2/vmaksimo/llvm/build/tools/sycl/test-e2e && /nfs/sc/proj/icl/rdrive_a/ics/itools/unx/bin/python3 /localdisk2/vmaksimo/llvm/llvm/utils/lit/lit.py -sv .
ninja: build stopped: subcommand failed.
Traceback (most recent call last):
  File "/localdisk2/vmaksimo/llvm/buildbot/compile.py", line 99, in <module>
    ret = main()
  File "/localdisk2/vmaksimo/llvm/buildbot/compile.py", line 95, in main
    return do_compile(args)
  File "/localdisk2/vmaksimo/llvm/buildbot/compile.py", line 45, in do_compile
    subprocess.check_call(cmake_cmd, cwd=abs_obj_dir)
  File "/nfs/sc/proj/icl/rdrive_a/ics/itools/pkgtools/python/v3_10_11/efi2_ubu22/lib/python3.10/subprocess.py", line 369, in check_call
    raise CalledProcessError(retcode, cmd)
subprocess.CalledProcessError: Command '['cmake', '--build', '/localdisk2/vmaksimo/llvm/build', '--', 'check-sycl-e2e', '-j', '160']' returned non-zero exit status 1.
vmaksimo@scsel-icx-03:/iusers/vmaksimo/llvm $
